0 info it worked if it ends with ok
1 verbose cli [ 'node',
1 verbose cli   '/usr/local/bin/npm',
1 verbose cli   'install',
1 verbose cli   '--save-dev',
1 verbose cli   'gulp-concact' ]
2 info using npm@1.4.28
3 info using node@v0.10.33
4 verbose readDependencies using package.json deps
5 verbose cache add [ 'gulp-concact', null ]
6 verbose cache add name=undefined spec="gulp-concact" args=["gulp-concact",null]
7 verbose parsed url { protocol: null,
7 verbose parsed url   slashes: null,
7 verbose parsed url   auth: null,
7 verbose parsed url   host: null,
7 verbose parsed url   port: null,
7 verbose parsed url   hostname: null,
7 verbose parsed url   hash: null,
7 verbose parsed url   search: null,
7 verbose parsed url   query: null,
7 verbose parsed url   pathname: 'gulp-concact',
7 verbose parsed url   path: 'gulp-concact',
7 verbose parsed url   href: 'gulp-concact' }
8 silly lockFile 1ac803b8-gulp-concact gulp-concact
9 verbose lock gulp-concact /Users/alvaro/.npm/1ac803b8-gulp-concact.lock
10 silly lockFile 1ac803b8-gulp-concact gulp-concact
11 silly lockFile 1ac803b8-gulp-concact gulp-concact
12 verbose addNamed [ 'gulp-concact', '' ]
13 verbose addNamed [ null, '*' ]
14 silly lockFile d6a31344-gulp-concact gulp-concact@
15 verbose lock gulp-concact@ /Users/alvaro/.npm/d6a31344-gulp-concact.lock
16 silly addNameRange { name: 'gulp-concact', range: '*', hasData: false }
17 verbose request where is /gulp-concact
18 verbose request registry https://registry.npmjs.org/
19 verbose request id c38ac7b6776e321f
20 verbose url raw /gulp-concact
21 verbose url resolving [ 'https://registry.npmjs.org/', './gulp-concact' ]
22 verbose url resolved https://registry.npmjs.org/gulp-concact
23 verbose request where is https://registry.npmjs.org/gulp-concact
24 info trying registry request attempt 1 at 09:33:05
25 http GET https://registry.npmjs.org/gulp-concact
26 http 404 https://registry.npmjs.org/gulp-concact
27 verbose headers { server: 'CouchDB/1.5.0 (Erlang OTP/R16B03)',
27 verbose headers   'content-type': 'application/json',
27 verbose headers   'cache-control': 'max-age=0',
27 verbose headers   'content-length': '51',
27 verbose headers   'accept-ranges': 'bytes',
27 verbose headers   date: 'Tue, 19 May 2015 13:32:55 GMT',
27 verbose headers   via: '1.1 varnish',
27 verbose headers   age: '0',
27 verbose headers   connection: 'keep-alive',
27 verbose headers   'x-served-by': 'cache-atl6225-ATL',
27 verbose headers   'x-cache': 'MISS',
27 verbose headers   'x-cache-hits': '0',
27 verbose headers   'x-timer': 'S1432042375.071887,VS0,VE31' }
28 silly registry.get cb [ 404,
28 silly registry.get   { server: 'CouchDB/1.5.0 (Erlang OTP/R16B03)',
28 silly registry.get     'content-type': 'application/json',
28 silly registry.get     'cache-control': 'max-age=0',
28 silly registry.get     'content-length': '51',
28 silly registry.get     'accept-ranges': 'bytes',
28 silly registry.get     date: 'Tue, 19 May 2015 13:32:55 GMT',
28 silly registry.get     via: '1.1 varnish',
28 silly registry.get     age: '0',
28 silly registry.get     connection: 'keep-alive',
28 silly registry.get     'x-served-by': 'cache-atl6225-ATL',
28 silly registry.get     'x-cache': 'MISS',
28 silly registry.get     'x-cache-hits': '0',
28 silly registry.get     'x-timer': 'S1432042375.071887,VS0,VE31' } ]
29 silly lockFile d6a31344-gulp-concact gulp-concact@
30 silly lockFile d6a31344-gulp-concact gulp-concact@
31 error 404 404 Not Found: gulp-concact
31 error 404
31 error 404 'gulp-concact' is not in the npm registry.
31 error 404 You should bug the author to publish it
31 error 404 It was specified as a dependency of 'workflows'
31 error 404
31 error 404 Note that you can also install from a
31 error 404 tarball, folder, or http url, or git url.
32 error System Darwin 14.3.0
33 error command "node" "/usr/local/bin/npm" "install" "--save-dev" "gulp-concact"
34 error cwd /Users/alvaro/Documents/development/workflows
35 error node -v v0.10.33
36 error npm -v 1.4.28
37 error code E404
38 verbose exit [ 1, true ]
